Command line:
   Program_Counter_isim_beh.exe
     -simmode  gui
     -simrunnum  0
     -socket  38505

Fri Oct 28 16:51:07 2022


 Elaboration Time: 0.02 sec

 Current Memory Usage: 183.681 Meg

 Total Signals          : 16
 Total Nets             : 79
 Total Signal Drivers   : 6
 Total Blocks           : 2
 Total Primitive Blocks : 2
 Total Processes        : 8
 Total Traceable Variables  : 19
 Total Scalar Nets and Variables : 191
Total Line Count : 17

 Total Simulation Time: 0.03 sec

 Current Memory Usage: 259.183 Meg

Fri Oct 28 16:51:24 2022

