Command line:
   CS_RISC_isim_beh.exe
     -simmode  gui
     -simrunnum  0
     -socket  42105

Thu Nov  3 22:49:29 2022


 Elaboration Time: 0.03 sec

 Current Memory Usage: 188.035 Meg

 Total Signals          : 821
 Total Nets             : 2473
 Total Signal Drivers   : 460
 Total Blocks           : 73
 Total Primitive Blocks : 58
 Total Processes        : 493
 Total Traceable Variables  : 684
 Total Scalar Nets and Variables : 335340
Total Line Count : 1434

 Total Simulation Time: 0.13 sec

 Current Memory Usage: 263.537 Meg

Thu Nov  3 22:50:44 2022

