INFO:sim:172 - Generating IP...
Applying current project options...
Finished applying current project options.
WARNING:sim - A core named 'Instruction_Cache' already exists in the project.
   Output products for this core may be overwritten.
Resolving generics for 'Instruction_Cache'...
WARNING:sim - A core named 'Instruction_Cache' already exists in the project.
   Output products for this core may be overwritten.
Applying external generics to 'Instruction_Cache'...
Delivering associated files for 'Instruction_Cache'...
Delivering EJava files for 'Instruction_Cache'...
Generating implementation netlist for 'Instruction_Cache'...
INFO:sim - Pre-processing HDL files for 'Instruction_Cache'...
Running synthesis for 'Instruction_Cache'
Running ngcbuild...
Writing VEO instantiation template for 'Instruction_Cache'...
Writing Verilog behavioral simulation model for 'Instruction_Cache'...
WARNING:sim - Overwriting existing file
   /home/invisiblehat/Documents/Academics/COA/lab/RISC/RISC/ipcore_dir/tmp/_cg/I
   nstruction_Cache/doc/blk_mem_gen_v7_3_vinfo.html with file from view
   xilinx_documentation
Delivered 1 file into directory
/home/invisiblehat/Documents/Academics/COA/lab/RISC/RISC/ipcore_dir/tmp/_cg/Inst
ruction_Cache
Generating ASY schematic symbol...
INFO:sim:949 - Finished generation of ASY schematic symbol.
Generating SYM schematic symbol for 'Instruction_Cache'...
Generating metadata file...
Regenerating ISE project file for 'Instruction_Cache'...
Generating ISE project...
XCO file found: Instruction_Cache.xco
XMDF file found: Instruction_Cache_xmdf.tcl
Adding
/home/invisiblehat/Documents/Academics/COA/lab/RISC/RISC/ipcore_dir/tmp/_cg/Inst
ruction_Cache.asy -view all -origin_type imported
Adding
/home/invisiblehat/Documents/Academics/COA/lab/RISC/RISC/ipcore_dir/tmp/_cg/Inst
ruction_Cache.ngc -view all -origin_type created
Checking file
"/home/invisiblehat/Documents/Academics/COA/lab/RISC/RISC/ipcore_dir/tmp/_cg/Ins
truction_Cache.ngc" for project device match ...
File
"/home/invisiblehat/Documents/Academics/COA/lab/RISC/RISC/ipcore_dir/tmp/_cg/Ins
truction_Cache.ngc" device information matches project device.
Adding
/home/invisiblehat/Documents/Academics/COA/lab/RISC/RISC/ipcore_dir/tmp/_cg/Inst
ruction_Cache.sym -view all -origin_type imported
Adding
/home/invisiblehat/Documents/Academics/COA/lab/RISC/RISC/ipcore_dir/tmp/_cg/Inst
ruction_Cache.v -view all -origin_type created
INFO:HDLCompiler:1845 - Analyzing Verilog file
   "/home/invisiblehat/Documents/Academics/COA/lab/RISC/RISC/ipcore_dir/tmp/_cg/
   Instruction_Cache.v" into library work
INFO:ProjectMgmt - Parsing design hierarchy completed successfully.
Adding
/home/invisiblehat/Documents/Academics/COA/lab/RISC/RISC/ipcore_dir/tmp/_cg/Inst
ruction_Cache.veo -view all -origin_type imported
INFO:TclTasksC:2116 - The automatic calculation of top has been turned-off.
   Please set the new top explicitly by running the "project set top" command.
   To re-calculate the new top automatically, set the "Auto Implementation Top"
   property to true.
Top level has been set to "/Instruction_Cache"
Generating README file...
Generating FLIST file...
INFO:sim:948 - Finished FLIST file generation.
Launching README viewer...
Moving files to output directory...
Finished moving files to output directory
Wrote CGP file for project 'Instruction_Cache'.
